<?xml version="1.0" encoding="UTF-8"?>
<!-- Generated by org.testng.reporters.JUnitXMLReporter -->
<testsuite hostname="MLT390" ignored="0" name="Default test" tests="9" failures="0" timestamp="14 Dec 2018 17:39:36 GMT" time="159.745" errors="0">
  <testcase name="LMS" time="19.708" classname="tests.LMSTestMain"/>
  <testcase name="LMS" time="15.773" classname="tests.LMSTestMain"/>
  <testcase name="LMS" time="14.342" classname="tests.LMSTestMain"/>
  <testcase name="LMS" time="16.538" classname="tests.LMSTestMain"/>
  <testcase name="LMS" time="16.581" classname="tests.LMSTestMain"/>
  <testcase name="LMS" time="17.172" classname="tests.LMSTestMain"/>
  <testcase name="LMS" time="18.001" classname="tests.LMSTestMain"/>
  <testcase name="LMS" time="16.621" classname="tests.LMSTestMain"/>
  <testcase name="LMS" time="14.597" classname="tests.LMSTestMain"/>
</testsuite> <!-- Default test -->
