<?xml version="1.0" encoding="UTF-8"?>
<testng-results skipped="0" failed="0" ignored="0" total="9" passed="9">
  <reporter-output>
  </reporter-output>
  <suite name="Default suite" duration-ms="159745" started-at="2018-12-14T17:36:56Z" finished-at="2018-12-14T17:39:36Z">
    <groups>
    </groups>
    <test name="Default test" duration-ms="159745" started-at="2018-12-14T17:36:56Z" finished-at="2018-12-14T17:39:36Z">
      <class name="tests.LMSTestMain">
        <test-method status="PASS" signature="DeleteFile()[pri:0, instance:tests.LMSTestMain@7d9d1a19]" name="DeleteFile" is-config="true" duration-ms="831" started-at="2018-12-14T17:36:55Z" finished-at="2018-12-14T17:36:56Z">
          <reporter-output>
          </reporter-output>
        </test-method> <!-- DeleteFile -->
        <test-method status="PASS" signature="setUp()[pri:0, instance:tests.LMSTestMain@7d9d1a19]" name="setUp" is-config="true" duration-ms="8482" started-at="2018-12-14T17:36:56Z" finished-at="2018-12-14T17:37:04Z">
          <reporter-output>
          </reporter-output>
        </test-method> <!-- setUp -->
        <test-method status="PASS" signature="LMS(java.lang.String, java.lang.String)[pri:0, instance:tests.LMSTestMain@7d9d1a19]" name="LMS" duration-ms="19708" started-at="2018-12-14T17:37:05Z" data-provider="Authentication" finished-at="2018-12-14T17:37:25Z">
          <params>
            <param index="0">
              <value>
                <![CDATA[manali.thakur]]>
              </value>
            </param>
            <param index="1">
              <value>
                <![CDATA[nov@2018]]>
              </value>
            </param>
          </params>
          <reporter-output>
          </reporter-output>
        </test-method> <!-- LMS -->
        <test-method status="PASS" signature="LMS(java.lang.String, java.lang.String)[pri:0, instance:tests.LMSTestMain@7d9d1a19]" name="LMS" duration-ms="15773" started-at="2018-12-14T17:37:25Z" data-provider="Authentication" finished-at="2018-12-14T17:37:40Z">
          <params>
            <param index="0">
              <value>
                <![CDATA[ashwini.shinde]]>
              </value>
            </param>
            <param index="1">
              <value>
                <![CDATA[Dec@2018]]>
              </value>
            </param>
          </params>
          <reporter-output>
          </reporter-output>
        </test-method> <!-- LMS -->
        <test-method status="PASS" signature="LMS(java.lang.String, java.lang.String)[pri:0, instance:tests.LMSTestMain@7d9d1a19]" name="LMS" duration-ms="14342" started-at="2018-12-14T17:37:40Z" data-provider="Authentication" finished-at="2018-12-14T17:37:55Z">
          <params>
            <param index="0">
              <value>
                <![CDATA[aditya.pethe]]>
              </value>
            </param>
            <param index="1">
              <value>
                <![CDATA[Dec@2018]]>
              </value>
            </param>
          </params>
          <reporter-output>
          </reporter-output>
        </test-method> <!-- LMS -->
        <test-method status="PASS" signature="LMS(java.lang.String, java.lang.String)[pri:0, instance:tests.LMSTestMain@7d9d1a19]" name="LMS" duration-ms="16538" started-at="2018-12-14T17:37:55Z" data-provider="Authentication" finished-at="2018-12-14T17:38:11Z">
          <params>
            <param index="0">
              <value>
                <![CDATA[prinkle.pereira]]>
              </value>
            </param>
            <param index="1">
              <value>
                <![CDATA[Clea&2018]]>
              </value>
            </param>
          </params>
          <reporter-output>
          </reporter-output>
        </test-method> <!-- LMS -->
        <test-method status="PASS" signature="LMS(java.lang.String, java.lang.String)[pri:0, instance:tests.LMSTestMain@7d9d1a19]" name="LMS" duration-ms="16581" started-at="2018-12-14T17:38:11Z" data-provider="Authentication" finished-at="2018-12-14T17:38:28Z">
          <params>
            <param index="0">
              <value>
                <![CDATA[atul.deshmukh]]>
              </value>
            </param>
            <param index="1">
              <value>
                <![CDATA[nov#2018]]>
              </value>
            </param>
          </params>
          <reporter-output>
          </reporter-output>
        </test-method> <!-- LMS -->
        <test-method status="PASS" signature="LMS(java.lang.String, java.lang.String)[pri:0, instance:tests.LMSTestMain@7d9d1a19]" name="LMS" duration-ms="17172" started-at="2018-12-14T17:38:28Z" data-provider="Authentication" finished-at="2018-12-14T17:38:45Z">
          <params>
            <param index="0">
              <value>
                <![CDATA[rohit.gawde]]>
              </value>
            </param>
            <param index="1">
              <value>
                <![CDATA[Dec@2018]]>
              </value>
            </param>
          </params>
          <reporter-output>
          </reporter-output>
        </test-method> <!-- LMS -->
        <test-method status="PASS" signature="LMS(java.lang.String, java.lang.String)[pri:0, instance:tests.LMSTestMain@7d9d1a19]" name="LMS" duration-ms="18001" started-at="2018-12-14T17:38:45Z" data-provider="Authentication" finished-at="2018-12-14T17:39:03Z">
          <params>
            <param index="0">
              <value>
                <![CDATA[sandip.jadhav]]>
              </value>
            </param>
            <param index="1">
              <value>
                <![CDATA[Info@222]]>
              </value>
            </param>
          </params>
          <reporter-output>
          </reporter-output>
        </test-method> <!-- LMS -->
        <test-method status="PASS" signature="LMS(java.lang.String, java.lang.String)[pri:0, instance:tests.LMSTestMain@7d9d1a19]" name="LMS" duration-ms="16621" started-at="2018-12-14T17:39:03Z" data-provider="Authentication" finished-at="2018-12-14T17:39:20Z">
          <params>
            <param index="0">
              <value>
                <![CDATA[azhar.dave]]>
              </value>
            </param>
            <param index="1">
              <value>
                <![CDATA[Bioman@00]]>
              </value>
            </param>
          </params>
          <reporter-output>
          </reporter-output>
        </test-method> <!-- LMS -->
        <test-method status="PASS" signature="LMS(java.lang.String, java.lang.String)[pri:0, instance:tests.LMSTestMain@7d9d1a19]" name="LMS" duration-ms="14597" started-at="2018-12-14T17:39:20Z" data-provider="Authentication" finished-at="2018-12-14T17:39:34Z">
          <params>
            <param index="0">
              <value>
                <![CDATA[ashish.singh]]>
              </value>
            </param>
            <param index="1">
              <value>
                <![CDATA[nov@2018]]>
              </value>
            </param>
          </params>
          <reporter-output>
          </reporter-output>
        </test-method> <!-- LMS -->
        <test-method status="PASS" signature="End()[pri:0, instance:tests.LMSTestMain@7d9d1a19]" name="End" is-config="true" duration-ms="1416" started-at="2018-12-14T17:39:34Z" finished-at="2018-12-14T17:39:36Z">
          <reporter-output>
          </reporter-output>
        </test-method> <!-- End -->
      </class> <!-- tests.LMSTestMain -->
    </test> <!-- Default test -->
  </suite> <!-- Default suite -->
</testng-results>
